Post Processor Report
OrCAD FILE: C:\CAINPCB\ECB_BF532\BF532_V2\ECB_532_V3.MAX
Thu Jun 17 09:00:08 2010

*********************************************************

Output file: C:\CAINPCB\ECB_BF532\BF532_V2\ECB_532_V3.TOP

Aperture totals for C:\CAINPCB\ECB_BF532\BF532_V2\ECB_532_V3.TOP:
---------------------------------------------------------
D10:  0.0350 x 0.0300 RECTANGLE -----      90 Flashes
D11:  0.1000 x 0.0600 RECTANGLE -----       6 Flashes
D12:  0.0300 x 0.0350 RECTANGLE -----      26 Flashes
D13:  0.0600 x 0.1370 RECTANGLE -----       2 Flashes
D14:  0.0450 x 0.0350 RECTANGLE -----       2 Flashes
D15:  0.0320 x 0.0380 RECTANGLE -----       4 Flashes
D16:  0.0380 x 0.0320 RECTANGLE -----       4 Flashes
D17:  0.0500 SQUARE --       0 Draws,       8 Flashes
D18:  0.0930 ROUND  --       0 Draws,       4 Flashes
D19:  0.0775 ROUND  --       0 Draws,       2 Flashes
D20:  0.0669 ROUND  --       0 Draws,       2 Flashes
D21:  0.0550 ROUND  --       0 Draws,      11 Flashes
D22:  0.0550 SQUARE --       0 Draws,       3 Flashes
D23:  0.0433 ROUND  --       0 Draws,      96 Flashes
D24:  0.1340 ROUND  --       0 Draws,       3 Flashes
D25:  0.0551 ROUND  --       0 Draws,       8 Flashes
D26:  0.0394 x 0.0709 RECTANGLE -----       1 Flashes
D27:  0.0709 x 0.0669 RECTANGLE -----       3 Flashes
D28:  0.0165 x 0.0630 RECTANGLE -----      10 Flashes
D29:  0.0709 x 0.0748 RECTANGLE -----       1 Flashes
D30:  0.0787 SQUARE --       0 Draws,       2 Flashes
D31:  0.0512 SQUARE --       0 Draws,       2 Flashes
D32:  0.0531 x 0.0157 RECTANGLE -----       5 Flashes
D33:  0.0400 x 0.0500 RECTANGLE -----       2 Flashes
D34:  0.1600 x 0.0750 RECTANGLE -----       2 Flashes
D35:  0.0236 x 0.0590 RECTANGLE -----      12 Flashes
D36:  0.0700 x 0.0110 OBLONG    -----     109 Flashes
D37:  0.0700 x 0.0110 RECTANGLE -----      11 Flashes
D38:  0.0110 x 0.0700 OBLONG    -----     106 Flashes
D39:  0.0110 x 0.0700 RECTANGLE -----      14 Flashes
D40:  0.0500 x 0.0160 RECTANGLE -----       8 Flashes
D41:  0.0100 x 0.0600 RECTANGLE -----      48 Flashes
D42:  0.1500 x 0.0450 RECTANGLE -----       3 Flashes
D43:  0.0160 x 0.0700 RECTANGLE -----      20 Flashes
D44:  0.0866 x 0.0512 RECTANGLE -----       2 Flashes
D45:  0.0600 ROUND  --       0 Draws,       2 Flashes
D46:  0.0236 ROUND  --       0 Draws,     389 Flashes
D47:  0.0080 ROUND  --     963 Draws,       0 Flashes
D48:  0.0100 ROUND  --     198 Draws,       0 Flashes
D49:  0.0079 ROUND  --    1032 Draws,       0 Flashes
D50:  0.0236 ROUND  --       0 Draws,       7 Flashes
D51:  0.0315 ROUND  --      22 Draws,       0 Flashes
D52:  0.0157 ROUND  --      47 Draws,       0 Flashes
D53:  0.0394 ROUND  --      10 Draws,       0 Flashes
---------------------------------------------------------
 44 D-Codes      -----    2272 Draws,    1030 Flashes

*********************************************************

Output file: C:\CAINPCB\ECB_BF532\BF532_V2\ECB_532_V3.BOT

Aperture totals for C:\CAINPCB\ECB_BF532\BF532_V2\ECB_532_V3.BOT:
---------------------------------------------------------
D47:  0.0080 ROUND  --     165 Draws,       0 Flashes
D49:  0.0079 ROUND  --     563 Draws,       0 Flashes
D50:  0.0236 ROUND  --       0 Draws,       7 Flashes
D51:  0.0315 ROUND  --       8 Draws,       0 Flashes
D52:  0.0157 ROUND  --      15 Draws,       0 Flashes
D54:  0.0350 x 0.0300 RECTANGLE -----      82 Flashes
D55:  0.0300 x 0.0350 RECTANGLE -----      50 Flashes
D56:  0.1000 x 0.0600 RECTANGLE -----       4 Flashes
D57:  0.0600 SQUARE --       0 Draws,       4 Flashes
D58:  0.0500 SQUARE --       0 Draws,       8 Flashes
D59:  0.0930 ROUND  --       0 Draws,       4 Flashes
D60:  0.0775 ROUND  --       0 Draws,       2 Flashes
D61:  0.0669 ROUND  --       0 Draws,       2 Flashes
D62:  0.0550 ROUND  --       0 Draws,      11 Flashes
D63:  0.0550 SQUARE --       0 Draws,       3 Flashes
D64:  0.0433 ROUND  --       0 Draws,      96 Flashes
D65:  0.1340 ROUND  --       0 Draws,       3 Flashes
D66:  0.0551 ROUND  --       0 Draws,       8 Flashes
D67:  0.0787 SQUARE --       0 Draws,       2 Flashes
D68:  0.0512 SQUARE --       0 Draws,       2 Flashes
D69:  0.0400 x 0.0500 RECTANGLE -----       4 Flashes
D70:  0.0197 x 0.0551 RECTANGLE -----      54 Flashes
D71:  0.0800 x 0.0250 RECTANGLE -----       8 Flashes
D72:  0.0600 ROUND  --       0 Draws,       2 Flashes
D73:  0.0709 x 0.0787 RECTANGLE -----       4 Flashes
D74:  0.0236 ROUND  --       0 Draws,     389 Flashes
---------------------------------------------------------
 26 D-Codes      -----     751 Draws,     749 Flashes

*********************************************************

Output file: C:\CAINPCB\ECB_BF532\BF532_V2\ECB_532_V3.GND

Aperture totals for C:\CAINPCB\ECB_BF532\BF532_V2\ECB_532_V3.GND:
---------------------------------------------------------
D48:  0.0100 ROUND  --     597 Draws,       0 Flashes
D49:  0.0079 ROUND  --       5 Draws,       0 Flashes
D59:  0.0930 ROUND  --       0 Draws,       4 Flashes
D61:  0.0669 ROUND  --       0 Draws,       2 Flashes
D64:  0.0433 ROUND  --       0 Draws,      96 Flashes
D66:  0.0551 ROUND  --       0 Draws,       8 Flashes
D74:  0.0236 ROUND  --       0 Draws,     389 Flashes
D75:  0.0776 ROUND  --       0 Draws,       2 Flashes
D76:  0.0750 ROUND  --       0 Draws,      11 Flashes
D77:  0.0750 SQUARE --       0 Draws,       3 Flashes
D78:  0.1400 ROUND  --       0 Draws,       3 Flashes
D79:  0.0866 ROUND  --       0 Draws,       2 Flashes
D80:  0.0590 ROUND  --       0 Draws,       2 Flashes
D81:  0.0650 ROUND  --       0 Draws,       2 Flashes
D82:  0.0060 ROUND  --   13283 Draws,       0 Flashes
D83:  0.0236 ROUND  --       0 Draws,       3 Flashes
D84:  0.0236 ROUND  --       0 Draws,       4 Flashes
---------------------------------------------------------
 17 D-Codes      -----   13885 Draws,     531 Flashes

*********************************************************

Output file: C:\CAINPCB\ECB_BF532\BF532_V2\ECB_532_V3.PWR

Aperture totals for C:\CAINPCB\ECB_BF532\BF532_V2\ECB_532_V3.PWR:
---------------------------------------------------------
D48:  0.0100 ROUND  --   10163 Draws,       0 Flashes
D49:  0.0079 ROUND  --       8 Draws,       0 Flashes
D50:  0.0236 ROUND  --       0 Draws,       1 Flashes
D51:  0.0315 ROUND  --       9 Draws,       0 Flashes
D52:  0.0157 ROUND  --      58 Draws,       0 Flashes
D61:  0.0669 ROUND  --       0 Draws,       2 Flashes
D64:  0.0433 ROUND  --       0 Draws,      96 Flashes
D66:  0.0551 ROUND  --       0 Draws,       8 Flashes
D74:  0.0236 ROUND  --       0 Draws,     389 Flashes
D75:  0.0776 ROUND  --       0 Draws,       2 Flashes
D76:  0.0750 ROUND  --       0 Draws,       8 Flashes
D77:  0.0750 SQUARE --       0 Draws,       2 Flashes
D79:  0.0866 ROUND  --       0 Draws,       2 Flashes
D80:  0.0590 ROUND  --       0 Draws,       2 Flashes
D81:  0.0650 ROUND  --       0 Draws,       2 Flashes
D83:  0.0236 ROUND  --       0 Draws,       3 Flashes
D84:  0.0236 ROUND  --       0 Draws,       3 Flashes
D85:  0.0929 ROUND  --       0 Draws,       4 Flashes
D86:  0.1401 ROUND  --       0 Draws,       3 Flashes
D87:  0.0752 ROUND  --       0 Draws,       3 Flashes
D88:  0.0752 SQUARE --       0 Draws,       1 Flashes
---------------------------------------------------------
 21 D-Codes      -----   10238 Draws,     531 Flashes

*********************************************************

Output file: C:\CAINPCB\ECB_BF532\BF532_V2\ECB_532_V3.SMT

Aperture totals for C:\CAINPCB\ECB_BF532\BF532_V2\ECB_532_V3.SMT:
---------------------------------------------------------
D47:  0.0080 ROUND  --     154 Draws,       0 Flashes
D58:  0.0500 SQUARE --       0 Draws,       8 Flashes
D62:  0.0550 ROUND  --       0 Draws,      11 Flashes
D63:  0.0550 SQUARE --       0 Draws,       3 Flashes
D66:  0.0551 ROUND  --       0 Draws,       8 Flashes
D81:  0.0650 ROUND  --       0 Draws,       2 Flashes
D89:  0.0400 x 0.0350 RECTANGLE -----      90 Flashes
D90:  0.1050 x 0.0650 RECTANGLE -----       6 Flashes
D91:  0.0350 x 0.0400 RECTANGLE -----      26 Flashes
D92:  0.0650 x 0.1420 RECTANGLE -----       2 Flashes
D93:  0.0500 x 0.0400 RECTANGLE -----       2 Flashes
D94:  0.0320 x 0.0380 RECTANGLE -----       4 Flashes
D95:  0.0380 x 0.0320 RECTANGLE -----       4 Flashes
D96:  0.0980 ROUND  --       0 Draws,       4 Flashes
D97:  0.0827 ROUND  --       0 Draws,       2 Flashes
D98:  0.0768 ROUND  --       0 Draws,       2 Flashes
D99:  0.0492 ROUND  --       0 Draws,      96 Flashes
D100: 0.1390 ROUND  --       0 Draws,       3 Flashes
D101: 0.0394 x 0.0709 RECTANGLE -----       1 Flashes
D102: 0.0709 x 0.0669 RECTANGLE -----       3 Flashes
D103: 0.0236 x 0.0669 RECTANGLE -----      10 Flashes
D104: 0.0709 x 0.0748 RECTANGLE -----       1 Flashes
D105: 0.0905 SQUARE --       0 Draws,       2 Flashes
D106: 0.0590 SQUARE --       0 Draws,       2 Flashes
D107: 0.0590 x 0.0216 RECTANGLE -----       5 Flashes
D108: 0.0450 x 0.0550 RECTANGLE -----       2 Flashes
D109: 0.1650 x 0.0800 RECTANGLE -----       2 Flashes
D110: 0.0276 x 0.0630 RECTANGLE -----      12 Flashes
D111: 0.0700 x 0.0110 OBLONG    -----     109 Flashes
D112: 0.0700 x 0.0110 RECTANGLE -----      11 Flashes
D113: 0.0110 x 0.0700 OBLONG    -----     106 Flashes
D114: 0.0110 x 0.0700 RECTANGLE -----      14 Flashes
D115: 0.0550 x 0.0210 RECTANGLE -----       8 Flashes
D116: 0.0140 x 0.0650 RECTANGLE -----      48 Flashes
D117: 0.1550 x 0.0500 RECTANGLE -----       3 Flashes
D118: 0.0210 x 0.0750 RECTANGLE -----      20 Flashes
D119: 0.0905 x 0.0551 RECTANGLE -----       2 Flashes
---------------------------------------------------------
 37 D-Codes      -----     154 Draws,     634 Flashes

*********************************************************

Output file: C:\CAINPCB\ECB_BF532\BF532_V2\ECB_532_V3.SMB

Aperture totals for C:\CAINPCB\ECB_BF532\BF532_V2\ECB_532_V3.SMB:
---------------------------------------------------------
D57:  0.0600 SQUARE --       0 Draws,       4 Flashes
D58:  0.0500 SQUARE --       0 Draws,       8 Flashes
D62:  0.0550 ROUND  --       0 Draws,      11 Flashes
D63:  0.0550 SQUARE --       0 Draws,       3 Flashes
D73:  0.0709 x 0.0787 RECTANGLE -----       4 Flashes
D81:  0.0650 ROUND  --       0 Draws,       2 Flashes
D89:  0.0400 x 0.0350 RECTANGLE -----      82 Flashes
D90:  0.1050 x 0.0650 RECTANGLE -----       4 Flashes
D91:  0.0350 x 0.0400 RECTANGLE -----      50 Flashes
D96:  0.0980 ROUND  --       0 Draws,       4 Flashes
D97:  0.0827 ROUND  --       0 Draws,       2 Flashes
D98:  0.0768 ROUND  --       0 Draws,       2 Flashes
D99:  0.0492 ROUND  --       0 Draws,      96 Flashes
D100: 0.1390 ROUND  --       0 Draws,       3 Flashes
D105: 0.0905 SQUARE --       0 Draws,       2 Flashes
D106: 0.0590 SQUARE --       0 Draws,       2 Flashes
D108: 0.0450 x 0.0550 RECTANGLE -----       4 Flashes
D120: 0.0236 x 0.0590 RECTANGLE -----      54 Flashes
D121: 0.0850 x 0.0300 RECTANGLE -----       8 Flashes
---------------------------------------------------------
 19 D-Codes      -----       0 Draws,     345 Flashes

*********************************************************

Output file: C:\CAINPCB\ECB_BF532\BF532_V2\ECB_532_V3.SST

Aperture totals for C:\CAINPCB\ECB_BF532\BF532_V2\ECB_532_V3.SST:
---------------------------------------------------------
D47:  0.0080 ROUND  --      98 Draws,       0 Flashes
D48:  0.0100 ROUND  --      66 Draws,       0 Flashes
D49:  0.0079 ROUND  --       8 Draws,       0 Flashes
D58:  0.0500 SQUARE --       0 Draws,       8 Flashes
D82:  0.0060 ROUND  --     611 Draws,       0 Flashes
D122: 0.0030 ROUND  --     264 Draws,       0 Flashes
D123: 0.0010 ROUND  --      18 Draws,       0 Flashes
D124: 0.0050 ROUND  --      20 Draws,       0 Flashes
D125: 0.0118 ROUND  --       9 Draws,       0 Flashes
D126: 0.0047 ROUND  --    1449 Draws,       0 Flashes
D127: 0.0059 ROUND  --       7 Draws,       0 Flashes
D128: 0.0039 ROUND  --     230 Draws,       0 Flashes
---------------------------------------------------------
 12 D-Codes      -----    2780 Draws,       8 Flashes

*********************************************************

Output file: C:\CAINPCB\ECB_BF532\BF532_V2\ECB_532_V3.SSB

Aperture totals for C:\CAINPCB\ECB_BF532\BF532_V2\ECB_532_V3.SSB:
---------------------------------------------------------
D47:  0.0080 ROUND  --      10 Draws,       0 Flashes
D58:  0.0500 SQUARE --       0 Draws,       8 Flashes
D82:  0.0060 ROUND  --     463 Draws,       0 Flashes
D122: 0.0030 ROUND  --     116 Draws,       0 Flashes
D126: 0.0047 ROUND  --    1388 Draws,       0 Flashes
---------------------------------------------------------
  5 D-Codes      -----    1977 Draws,       8 Flashes

*********************************************************

Output file: C:\CAINPCB\ECB_BF532\BF532_V2\ECB_532_V3.DRD

Aperture totals for C:\CAINPCB\ECB_BF532\BF532_V2\ECB_532_V3.DRD:
---------------------------------------------------------
D48:  0.0100 ROUND  --    8824 Draws,       0 Flashes
D49:  0.0079 ROUND  --       5 Draws,       0 Flashes
---------------------------------------------------------
  2 D-Codes      -----    8829 Draws,       0 Flashes

*********************************************************

Output file: C:\CAINPCB\ECB_BF532\BF532_V2\ECB_532_V3.FAB

Aperture totals for C:\CAINPCB\ECB_BF532\BF532_V2\ECB_532_V3.FAB:
---------------------------------------------------------
D49:  0.0079 ROUND  --       5 Draws,       0 Flashes
D129: 0.0280 ROUND  --       0 Draws,     389 Flashes
D130: 0.0280 ROUND  --       0 Draws,       3 Flashes
D131: 0.0280 ROUND  --       0 Draws,       4 Flashes
---------------------------------------------------------
  4 D-Codes      -----       5 Draws,     396 Flashes


*********************************************************

Aperture totals for entire project:
---------------------------------------------------------
D10:  0.0350 x 0.0300 RECTANGLE -----      90 Flashes
D11:  0.1000 x 0.0600 RECTANGLE -----       6 Flashes
D12:  0.0300 x 0.0350 RECTANGLE -----      26 Flashes
D13:  0.0600 x 0.1370 RECTANGLE -----       2 Flashes
D14:  0.0450 x 0.0350 RECTANGLE -----       2 Flashes
D15:  0.0320 x 0.0380 RECTANGLE -----       4 Flashes
D16:  0.0380 x 0.0320 RECTANGLE -----       4 Flashes
D17:  0.0500 SQUARE --       0 Draws,       8 Flashes
D18:  0.0930 ROUND  --       0 Draws,       4 Flashes
D19:  0.0775 ROUND  --       0 Draws,       2 Flashes
D20:  0.0669 ROUND  --       0 Draws,       2 Flashes
D21:  0.0550 ROUND  --       0 Draws,      11 Flashes
D22:  0.0550 SQUARE --       0 Draws,       3 Flashes
D23:  0.0433 ROUND  --       0 Draws,      96 Flashes
D24:  0.1340 ROUND  --       0 Draws,       3 Flashes
D25:  0.0551 ROUND  --       0 Draws,       8 Flashes
D26:  0.0394 x 0.0709 RECTANGLE -----       1 Flashes
D27:  0.0709 x 0.0669 RECTANGLE -----       3 Flashes
D28:  0.0165 x 0.0630 RECTANGLE -----      10 Flashes
D29:  0.0709 x 0.0748 RECTANGLE -----       1 Flashes
D30:  0.0787 SQUARE --       0 Draws,       2 Flashes
D31:  0.0512 SQUARE --       0 Draws,       2 Flashes
D32:  0.0531 x 0.0157 RECTANGLE -----       5 Flashes
D33:  0.0400 x 0.0500 RECTANGLE -----       2 Flashes
D34:  0.1600 x 0.0750 RECTANGLE -----       2 Flashes
D35:  0.0236 x 0.0590 RECTANGLE -----      12 Flashes
D36:  0.0700 x 0.0110 OBLONG    -----     109 Flashes
D37:  0.0700 x 0.0110 RECTANGLE -----      11 Flashes
D38:  0.0110 x 0.0700 OBLONG    -----     106 Flashes
D39:  0.0110 x 0.0700 RECTANGLE -----      14 Flashes
D40:  0.0500 x 0.0160 RECTANGLE -----       8 Flashes
D41:  0.0100 x 0.0600 RECTANGLE -----      48 Flashes
D42:  0.1500 x 0.0450 RECTANGLE -----       3 Flashes
D43:  0.0160 x 0.0700 RECTANGLE -----      20 Flashes
D44:  0.0866 x 0.0512 RECTANGLE -----       2 Flashes
D45:  0.0600 ROUND  --       0 Draws,       2 Flashes
D46:  0.0236 ROUND  --       0 Draws,     389 Flashes
D47:  0.0080 ROUND  --    1390 Draws,       0 Flashes
D48:  0.0100 ROUND  --   19848 Draws,       0 Flashes
D49:  0.0079 ROUND  --    1626 Draws,       0 Flashes
D50:  0.0236 ROUND  --       0 Draws,      15 Flashes
D51:  0.0315 ROUND  --      39 Draws,       0 Flashes
D52:  0.0157 ROUND  --     120 Draws,       0 Flashes
D53:  0.0394 ROUND  --      10 Draws,       0 Flashes
D54:  0.0350 x 0.0300 RECTANGLE -----      82 Flashes
D55:  0.0300 x 0.0350 RECTANGLE -----      50 Flashes
D56:  0.1000 x 0.0600 RECTANGLE -----       4 Flashes
D57:  0.0600 SQUARE --       0 Draws,       8 Flashes
D58:  0.0500 SQUARE --       0 Draws,      40 Flashes
D59:  0.0930 ROUND  --       0 Draws,       8 Flashes
D60:  0.0775 ROUND  --       0 Draws,       2 Flashes
D61:  0.0669 ROUND  --       0 Draws,       6 Flashes
D62:  0.0550 ROUND  --       0 Draws,      33 Flashes
D63:  0.0550 SQUARE --       0 Draws,       9 Flashes
D64:  0.0433 ROUND  --       0 Draws,     288 Flashes
D65:  0.1340 ROUND  --       0 Draws,       3 Flashes
D66:  0.0551 ROUND  --       0 Draws,      32 Flashes
D67:  0.0787 SQUARE --       0 Draws,       2 Flashes
D68:  0.0512 SQUARE --       0 Draws,       2 Flashes
D69:  0.0400 x 0.0500 RECTANGLE -----       4 Flashes
D70:  0.0197 x 0.0551 RECTANGLE -----      54 Flashes
D71:  0.0800 x 0.0250 RECTANGLE -----       8 Flashes
D72:  0.0600 ROUND  --       0 Draws,       2 Flashes
D73:  0.0709 x 0.0787 RECTANGLE -----       8 Flashes
D74:  0.0236 ROUND  --       0 Draws,    1167 Flashes
D75:  0.0776 ROUND  --       0 Draws,       4 Flashes
D76:  0.0750 ROUND  --       0 Draws,      19 Flashes
D77:  0.0750 SQUARE --       0 Draws,       5 Flashes
D78:  0.1400 ROUND  --       0 Draws,       3 Flashes
D79:  0.0866 ROUND  --       0 Draws,       4 Flashes
D80:  0.0590 ROUND  --       0 Draws,       4 Flashes
D81:  0.0650 ROUND  --       0 Draws,       8 Flashes
D82:  0.0060 ROUND  --   14357 Draws,       0 Flashes
D83:  0.0236 ROUND  --       0 Draws,       6 Flashes
D84:  0.0236 ROUND  --       0 Draws,       7 Flashes
D85:  0.0929 ROUND  --       0 Draws,       4 Flashes
D86:  0.1401 ROUND  --       0 Draws,       3 Flashes
D87:  0.0752 ROUND  --       0 Draws,       3 Flashes
D88:  0.0752 SQUARE --       0 Draws,       1 Flashes
D89:  0.0400 x 0.0350 RECTANGLE -----     172 Flashes
D90:  0.1050 x 0.0650 RECTANGLE -----      10 Flashes
D91:  0.0350 x 0.0400 RECTANGLE -----      76 Flashes
D92:  0.0650 x 0.1420 RECTANGLE -----       2 Flashes
D93:  0.0500 x 0.0400 RECTANGLE -----       2 Flashes
D94:  0.0320 x 0.0380 RECTANGLE -----       4 Flashes
D95:  0.0380 x 0.0320 RECTANGLE -----       4 Flashes
D96:  0.0980 ROUND  --       0 Draws,       8 Flashes
D97:  0.0827 ROUND  --       0 Draws,       4 Flashes
D98:  0.0768 ROUND  --       0 Draws,       4 Flashes
D99:  0.0492 ROUND  --       0 Draws,     192 Flashes
D100: 0.1390 ROUND  --       0 Draws,       6 Flashes
D101: 0.0394 x 0.0709 RECTANGLE -----       1 Flashes
D102: 0.0709 x 0.0669 RECTANGLE -----       3 Flashes
D103: 0.0236 x 0.0669 RECTANGLE -----      10 Flashes
D104: 0.0709 x 0.0748 RECTANGLE -----       1 Flashes
D105: 0.0905 SQUARE --       0 Draws,       4 Flashes
D106: 0.0590 SQUARE --       0 Draws,       4 Flashes
D107: 0.0590 x 0.0216 RECTANGLE -----       5 Flashes
D108: 0.0450 x 0.0550 RECTANGLE -----       6 Flashes
D109: 0.1650 x 0.0800 RECTANGLE -----       2 Flashes
D110: 0.0276 x 0.0630 RECTANGLE -----      12 Flashes
D111: 0.0700 x 0.0110 OBLONG    -----     109 Flashes
D112: 0.0700 x 0.0110 RECTANGLE -----      11 Flashes
D113: 0.0110 x 0.0700 OBLONG    -----     106 Flashes
D114: 0.0110 x 0.0700 RECTANGLE -----      14 Flashes
D115: 0.0550 x 0.0210 RECTANGLE -----       8 Flashes
D116: 0.0140 x 0.0650 RECTANGLE -----      48 Flashes
D117: 0.1550 x 0.0500 RECTANGLE -----       3 Flashes
D118: 0.0210 x 0.0750 RECTANGLE -----      20 Flashes
D119: 0.0905 x 0.0551 RECTANGLE -----       2 Flashes
D120: 0.0236 x 0.0590 RECTANGLE -----      54 Flashes
D121: 0.0850 x 0.0300 RECTANGLE -----       8 Flashes
D122: 0.0030 ROUND  --     380 Draws,       0 Flashes
D123: 0.0010 ROUND  --      18 Draws,       0 Flashes
D124: 0.0050 ROUND  --      20 Draws,       0 Flashes
D125: 0.0118 ROUND  --       9 Draws,       0 Flashes
D126: 0.0047 ROUND  --    2837 Draws,       0 Flashes
D127: 0.0059 ROUND  --       7 Draws,       0 Flashes
D128: 0.0039 ROUND  --     230 Draws,       0 Flashes
D129: 0.0280 ROUND  --       0 Draws,     389 Flashes
D130: 0.0280 ROUND  --       0 Draws,       3 Flashes
D131: 0.0280 ROUND  --       0 Draws,       4 Flashes
---------------------------------------------------------
122 D-Codes      -----   40891 Draws,    4232 Flashes


No warnings or errors.
