Post Processor Report
OrCAD FILE: C:\CAINPCB\ECB_BF532\BF532_V1\ECB_532.MAX
Tue May 31 05:23:27 2011

*********************************************************

Output file: C:\CAINPCB\ECB_BF532\BF532_V1\ECB_532.TOP

Aperture totals for C:\CAINPCB\ECB_BF532\BF532_V1\ECB_532.TOP:
---------------------------------------------------------
D10:  0.0350 x 0.0300 RECTANGLE -----      76 Flashes
D11:  0.1000 x 0.0600 RECTANGLE -----       6 Flashes
D12:  0.0300 x 0.0350 RECTANGLE -----      14 Flashes
D13:  0.0600 x 0.1370 RECTANGLE -----       2 Flashes
D14:  0.0450 x 0.0350 RECTANGLE -----       2 Flashes
D15:  0.0320 x 0.0380 RECTANGLE -----       4 Flashes
D16:  0.0380 x 0.0320 RECTANGLE -----       4 Flashes
D17:  0.0775 ROUND  --       0 Draws,       2 Flashes
D18:  0.0669 ROUND  --       0 Draws,       2 Flashes
D19:  0.0550 ROUND  --       0 Draws,      11 Flashes
D20:  0.0550 SQUARE --       0 Draws,       4 Flashes
D21:  0.1340 ROUND  --       0 Draws,       3 Flashes
D22:  0.0433 ROUND  --       0 Draws,      50 Flashes
D23:  0.1600 x 0.0750 RECTANGLE -----       2 Flashes
D24:  0.0236 x 0.0590 RECTANGLE -----      12 Flashes
D25:  0.0700 x 0.0110 OBLONG    -----      80 Flashes
D26:  0.0700 x 0.0110 RECTANGLE -----       8 Flashes
D27:  0.0110 x 0.0700 OBLONG    -----      78 Flashes
D28:  0.0110 x 0.0700 RECTANGLE -----      10 Flashes
D29:  0.0500 x 0.0160 RECTANGLE -----       8 Flashes
D30:  0.0100 x 0.0600 RECTANGLE -----      48 Flashes
D31:  0.1500 x 0.0450 RECTANGLE -----       3 Flashes
D32:  0.0160 x 0.0700 RECTANGLE -----      20 Flashes
D33:  0.0866 x 0.0512 RECTANGLE -----       2 Flashes
D34:  0.0600 ROUND  --       0 Draws,       2 Flashes
D35:  0.0236 ROUND  --       0 Draws,     302 Flashes
D36:  0.0080 ROUND  --     813 Draws,       0 Flashes
D37:  0.0100 ROUND  --     206 Draws,       0 Flashes
D38:  0.0079 ROUND  --     736 Draws,       1 Flashes
D39:  0.0236 ROUND  --       0 Draws,       4 Flashes
D40:  0.0315 ROUND  --      22 Draws,       0 Flashes
D41:  0.0157 ROUND  --      39 Draws,       0 Flashes
D42:  0.0394 ROUND  --       6 Draws,       0 Flashes
---------------------------------------------------------
 33 D-Codes      -----    1822 Draws,     760 Flashes

*********************************************************

Output file: C:\CAINPCB\ECB_BF532\BF532_V1\ECB_532.BOT

Aperture totals for C:\CAINPCB\ECB_BF532\BF532_V1\ECB_532.BOT:
---------------------------------------------------------
D36:  0.0080 ROUND  --      27 Draws,       0 Flashes
D38:  0.0079 ROUND  --     341 Draws,       0 Flashes
D39:  0.0236 ROUND  --       0 Draws,       4 Flashes
D41:  0.0157 ROUND  --       2 Draws,       0 Flashes
D43:  0.0350 x 0.0300 RECTANGLE -----      46 Flashes
D44:  0.0300 x 0.0350 RECTANGLE -----      38 Flashes
D45:  0.1000 x 0.0600 RECTANGLE -----       2 Flashes
D46:  0.0600 x 0.1000 RECTANGLE -----       2 Flashes
D47:  0.0775 ROUND  --       0 Draws,       2 Flashes
D48:  0.0669 ROUND  --       0 Draws,       2 Flashes
D49:  0.0550 ROUND  --       0 Draws,      11 Flashes
D50:  0.0550 SQUARE --       0 Draws,       4 Flashes
D51:  0.1340 ROUND  --       0 Draws,       3 Flashes
D52:  0.0433 ROUND  --       0 Draws,      50 Flashes
D53:  0.0197 x 0.0551 RECTANGLE -----      54 Flashes
D54:  0.0800 x 0.0250 RECTANGLE -----       8 Flashes
D55:  0.0600 ROUND  --       0 Draws,       2 Flashes
D56:  0.0236 ROUND  --       0 Draws,     302 Flashes
---------------------------------------------------------
 18 D-Codes      -----     370 Draws,     530 Flashes

*********************************************************

Output file: C:\CAINPCB\ECB_BF532\BF532_V1\ECB_532.GND

Aperture totals for C:\CAINPCB\ECB_BF532\BF532_V1\ECB_532.GND:
---------------------------------------------------------
D37:  0.0100 ROUND  --     486 Draws,       0 Flashes
D38:  0.0079 ROUND  --       6 Draws,       0 Flashes
D48:  0.0669 ROUND  --       0 Draws,       2 Flashes
D52:  0.0433 ROUND  --       0 Draws,      50 Flashes
D56:  0.0236 ROUND  --       0 Draws,     302 Flashes
D57:  0.0776 ROUND  --       0 Draws,       2 Flashes
D58:  0.0750 ROUND  --       0 Draws,      11 Flashes
D59:  0.0750 SQUARE --       0 Draws,       4 Flashes
D60:  0.1400 ROUND  --       0 Draws,       3 Flashes
D61:  0.0650 ROUND  --       0 Draws,       2 Flashes
D62:  0.0060 ROUND  --    9326 Draws,       0 Flashes
D63:  0.0236 ROUND  --       0 Draws,       4 Flashes
---------------------------------------------------------
 12 D-Codes      -----    9818 Draws,     380 Flashes

*********************************************************

Output file: C:\CAINPCB\ECB_BF532\BF532_V1\ECB_532.PWR

Aperture totals for C:\CAINPCB\ECB_BF532\BF532_V1\ECB_532.PWR:
---------------------------------------------------------
D37:  0.0100 ROUND  --    7207 Draws,       0 Flashes
D38:  0.0079 ROUND  --       9 Draws,       0 Flashes
D41:  0.0157 ROUND  --      54 Draws,       0 Flashes
D48:  0.0669 ROUND  --       0 Draws,       2 Flashes
D52:  0.0433 ROUND  --       0 Draws,      50 Flashes
D56:  0.0236 ROUND  --       0 Draws,     302 Flashes
D57:  0.0776 ROUND  --       0 Draws,       2 Flashes
D58:  0.0750 ROUND  --       0 Draws,       6 Flashes
D59:  0.0750 SQUARE --       0 Draws,       1 Flashes
D61:  0.0650 ROUND  --       0 Draws,       2 Flashes
D63:  0.0236 ROUND  --       0 Draws,       4 Flashes
D64:  0.0752 ROUND  --       0 Draws,       5 Flashes
D65:  0.0752 SQUARE --       0 Draws,       3 Flashes
D66:  0.1401 ROUND  --       0 Draws,       3 Flashes
---------------------------------------------------------
 14 D-Codes      -----    7270 Draws,     380 Flashes

*********************************************************

Output file: C:\CAINPCB\ECB_BF532\BF532_V1\ECB_532.SMT

Aperture totals for C:\CAINPCB\ECB_BF532\BF532_V1\ECB_532.SMT:
---------------------------------------------------------
D36:  0.0080 ROUND  --     154 Draws,       0 Flashes
D49:  0.0550 ROUND  --       0 Draws,      11 Flashes
D50:  0.0550 SQUARE --       0 Draws,       4 Flashes
D61:  0.0650 ROUND  --       0 Draws,       2 Flashes
D67:  0.0400 x 0.0350 RECTANGLE -----      76 Flashes
D68:  0.1050 x 0.0650 RECTANGLE -----       6 Flashes
D69:  0.0350 x 0.0400 RECTANGLE -----      14 Flashes
D70:  0.0650 x 0.1420 RECTANGLE -----       2 Flashes
D71:  0.0500 x 0.0400 RECTANGLE -----       2 Flashes
D72:  0.0320 x 0.0380 RECTANGLE -----       4 Flashes
D73:  0.0380 x 0.0320 RECTANGLE -----       4 Flashes
D74:  0.0827 ROUND  --       0 Draws,       2 Flashes
D75:  0.0768 ROUND  --       0 Draws,       2 Flashes
D76:  0.1390 ROUND  --       0 Draws,       3 Flashes
D77:  0.0492 ROUND  --       0 Draws,      50 Flashes
D78:  0.1650 x 0.0800 RECTANGLE -----       2 Flashes
D79:  0.0276 x 0.0630 RECTANGLE -----      12 Flashes
D80:  0.0700 x 0.0110 OBLONG    -----      80 Flashes
D81:  0.0700 x 0.0110 RECTANGLE -----       8 Flashes
D82:  0.0110 x 0.0700 OBLONG    -----      78 Flashes
D83:  0.0110 x 0.0700 RECTANGLE -----      10 Flashes
D84:  0.0550 x 0.0210 RECTANGLE -----       8 Flashes
D85:  0.0140 x 0.0650 RECTANGLE -----      48 Flashes
D86:  0.1550 x 0.0500 RECTANGLE -----       3 Flashes
D87:  0.0210 x 0.0750 RECTANGLE -----      20 Flashes
D88:  0.0905 x 0.0551 RECTANGLE -----       2 Flashes
---------------------------------------------------------
 26 D-Codes      -----     154 Draws,     453 Flashes

*********************************************************

Output file: C:\CAINPCB\ECB_BF532\BF532_V1\ECB_532.SMB

Aperture totals for C:\CAINPCB\ECB_BF532\BF532_V1\ECB_532.SMB:
---------------------------------------------------------
D36:  0.0080 ROUND  --     154 Draws,       0 Flashes
D49:  0.0550 ROUND  --       0 Draws,      11 Flashes
D50:  0.0550 SQUARE --       0 Draws,       4 Flashes
D61:  0.0650 ROUND  --       0 Draws,       2 Flashes
D67:  0.0400 x 0.0350 RECTANGLE -----      46 Flashes
D68:  0.1050 x 0.0650 RECTANGLE -----       2 Flashes
D69:  0.0350 x 0.0400 RECTANGLE -----      38 Flashes
D74:  0.0827 ROUND  --       0 Draws,       2 Flashes
D75:  0.0768 ROUND  --       0 Draws,       2 Flashes
D76:  0.1390 ROUND  --       0 Draws,       3 Flashes
D77:  0.0492 ROUND  --       0 Draws,      50 Flashes
D89:  0.0650 x 0.1050 RECTANGLE -----       2 Flashes
D90:  0.0236 x 0.0590 RECTANGLE -----      54 Flashes
D91:  0.0850 x 0.0300 RECTANGLE -----       8 Flashes
---------------------------------------------------------
 14 D-Codes      -----     154 Draws,     224 Flashes

*********************************************************

Output file: C:\CAINPCB\ECB_BF532\BF532_V1\ECB_532.SST

Aperture totals for C:\CAINPCB\ECB_BF532\BF532_V1\ECB_532.SST:
---------------------------------------------------------
D36:  0.0080 ROUND  --      59 Draws,       0 Flashes
D37:  0.0100 ROUND  --      12 Draws,       0 Flashes
D38:  0.0079 ROUND  --       8 Draws,       0 Flashes
D62:  0.0060 ROUND  --     515 Draws,       0 Flashes
D92:  0.0030 ROUND  --     264 Draws,       0 Flashes
D93:  0.0010 ROUND  --       4 Draws,       0 Flashes
D94:  0.0050 ROUND  --      20 Draws,       0 Flashes
D95:  0.0047 ROUND  --    1323 Draws,       0 Flashes
D96:  0.0059 ROUND  --       7 Draws,       0 Flashes
---------------------------------------------------------
  9 D-Codes      -----    2212 Draws,       0 Flashes

*********************************************************

Output file: C:\CAINPCB\ECB_BF532\BF532_V1\ECB_532.SSB

Aperture totals for C:\CAINPCB\ECB_BF532\BF532_V1\ECB_532.SSB:
---------------------------------------------------------
D36:  0.0080 ROUND  --      10 Draws,       0 Flashes
D62:  0.0060 ROUND  --     299 Draws,       0 Flashes
D92:  0.0030 ROUND  --     108 Draws,       0 Flashes
D95:  0.0047 ROUND  --     827 Draws,       0 Flashes
---------------------------------------------------------
  4 D-Codes      -----    1244 Draws,       0 Flashes

*********************************************************

Output file: C:\CAINPCB\ECB_BF532\BF532_V1\ECB_532.DRD

Aperture totals for C:\CAINPCB\ECB_BF532\BF532_V1\ECB_532.DRD:
---------------------------------------------------------
D37:  0.0100 ROUND  --    6659 Draws,       0 Flashes
D38:  0.0079 ROUND  --       6 Draws,       0 Flashes
---------------------------------------------------------
  2 D-Codes      -----    6665 Draws,       0 Flashes

*********************************************************

Output file: C:\CAINPCB\ECB_BF532\BF532_V1\ECB_532.FAB

Aperture totals for C:\CAINPCB\ECB_BF532\BF532_V1\ECB_532.FAB:
---------------------------------------------------------
D38:  0.0079 ROUND  --       6 Draws,       0 Flashes
D97:  0.0280 ROUND  --       0 Draws,     302 Flashes
D98:  0.0280 ROUND  --       0 Draws,       4 Flashes
---------------------------------------------------------
  3 D-Codes      -----       6 Draws,     306 Flashes


*********************************************************

Aperture totals for entire project:
---------------------------------------------------------
D10:  0.0350 x 0.0300 RECTANGLE -----      76 Flashes
D11:  0.1000 x 0.0600 RECTANGLE -----       6 Flashes
D12:  0.0300 x 0.0350 RECTANGLE -----      14 Flashes
D13:  0.0600 x 0.1370 RECTANGLE -----       2 Flashes
D14:  0.0450 x 0.0350 RECTANGLE -----       2 Flashes
D15:  0.0320 x 0.0380 RECTANGLE -----       4 Flashes
D16:  0.0380 x 0.0320 RECTANGLE -----       4 Flashes
D17:  0.0775 ROUND  --       0 Draws,       2 Flashes
D18:  0.0669 ROUND  --       0 Draws,       2 Flashes
D19:  0.0550 ROUND  --       0 Draws,      11 Flashes
D20:  0.0550 SQUARE --       0 Draws,       4 Flashes
D21:  0.1340 ROUND  --       0 Draws,       3 Flashes
D22:  0.0433 ROUND  --       0 Draws,      50 Flashes
D23:  0.1600 x 0.0750 RECTANGLE -----       2 Flashes
D24:  0.0236 x 0.0590 RECTANGLE -----      12 Flashes
D25:  0.0700 x 0.0110 OBLONG    -----      80 Flashes
D26:  0.0700 x 0.0110 RECTANGLE -----       8 Flashes
D27:  0.0110 x 0.0700 OBLONG    -----      78 Flashes
D28:  0.0110 x 0.0700 RECTANGLE -----      10 Flashes
D29:  0.0500 x 0.0160 RECTANGLE -----       8 Flashes
D30:  0.0100 x 0.0600 RECTANGLE -----      48 Flashes
D31:  0.1500 x 0.0450 RECTANGLE -----       3 Flashes
D32:  0.0160 x 0.0700 RECTANGLE -----      20 Flashes
D33:  0.0866 x 0.0512 RECTANGLE -----       2 Flashes
D34:  0.0600 ROUND  --       0 Draws,       2 Flashes
D35:  0.0236 ROUND  --       0 Draws,     302 Flashes
D36:  0.0080 ROUND  --    1217 Draws,       0 Flashes
D37:  0.0100 ROUND  --   14570 Draws,       0 Flashes
D38:  0.0079 ROUND  --    1112 Draws,       1 Flashes
D39:  0.0236 ROUND  --       0 Draws,       8 Flashes
D40:  0.0315 ROUND  --      22 Draws,       0 Flashes
D41:  0.0157 ROUND  --      95 Draws,       0 Flashes
D42:  0.0394 ROUND  --       6 Draws,       0 Flashes
D43:  0.0350 x 0.0300 RECTANGLE -----      46 Flashes
D44:  0.0300 x 0.0350 RECTANGLE -----      38 Flashes
D45:  0.1000 x 0.0600 RECTANGLE -----       2 Flashes
D46:  0.0600 x 0.1000 RECTANGLE -----       2 Flashes
D47:  0.0775 ROUND  --       0 Draws,       2 Flashes
D48:  0.0669 ROUND  --       0 Draws,       6 Flashes
D49:  0.0550 ROUND  --       0 Draws,      33 Flashes
D50:  0.0550 SQUARE --       0 Draws,      12 Flashes
D51:  0.1340 ROUND  --       0 Draws,       3 Flashes
D52:  0.0433 ROUND  --       0 Draws,     150 Flashes
D53:  0.0197 x 0.0551 RECTANGLE -----      54 Flashes
D54:  0.0800 x 0.0250 RECTANGLE -----       8 Flashes
D55:  0.0600 ROUND  --       0 Draws,       2 Flashes
D56:  0.0236 ROUND  --       0 Draws,     906 Flashes
D57:  0.0776 ROUND  --       0 Draws,       4 Flashes
D58:  0.0750 ROUND  --       0 Draws,      17 Flashes
D59:  0.0750 SQUARE --       0 Draws,       5 Flashes
D60:  0.1400 ROUND  --       0 Draws,       3 Flashes
D61:  0.0650 ROUND  --       0 Draws,       8 Flashes
D62:  0.0060 ROUND  --   10140 Draws,       0 Flashes
D63:  0.0236 ROUND  --       0 Draws,       8 Flashes
D64:  0.0752 ROUND  --       0 Draws,       5 Flashes
D65:  0.0752 SQUARE --       0 Draws,       3 Flashes
D66:  0.1401 ROUND  --       0 Draws,       3 Flashes
D67:  0.0400 x 0.0350 RECTANGLE -----     122 Flashes
D68:  0.1050 x 0.0650 RECTANGLE -----       8 Flashes
D69:  0.0350 x 0.0400 RECTANGLE -----      52 Flashes
D70:  0.0650 x 0.1420 RECTANGLE -----       2 Flashes
D71:  0.0500 x 0.0400 RECTANGLE -----       2 Flashes
D72:  0.0320 x 0.0380 RECTANGLE -----       4 Flashes
D73:  0.0380 x 0.0320 RECTANGLE -----       4 Flashes
D74:  0.0827 ROUND  --       0 Draws,       4 Flashes
D75:  0.0768 ROUND  --       0 Draws,       4 Flashes
D76:  0.1390 ROUND  --       0 Draws,       6 Flashes
D77:  0.0492 ROUND  --       0 Draws,     100 Flashes
D78:  0.1650 x 0.0800 RECTANGLE -----       2 Flashes
D79:  0.0276 x 0.0630 RECTANGLE -----      12 Flashes
D80:  0.0700 x 0.0110 OBLONG    -----      80 Flashes
D81:  0.0700 x 0.0110 RECTANGLE -----       8 Flashes
D82:  0.0110 x 0.0700 OBLONG    -----      78 Flashes
D83:  0.0110 x 0.0700 RECTANGLE -----      10 Flashes
D84:  0.0550 x 0.0210 RECTANGLE -----       8 Flashes
D85:  0.0140 x 0.0650 RECTANGLE -----      48 Flashes
D86:  0.1550 x 0.0500 RECTANGLE -----       3 Flashes
D87:  0.0210 x 0.0750 RECTANGLE -----      20 Flashes
D88:  0.0905 x 0.0551 RECTANGLE -----       2 Flashes
D89:  0.0650 x 0.1050 RECTANGLE -----       2 Flashes
D90:  0.0236 x 0.0590 RECTANGLE -----      54 Flashes
D91:  0.0850 x 0.0300 RECTANGLE -----       8 Flashes
D92:  0.0030 ROUND  --     372 Draws,       0 Flashes
D93:  0.0010 ROUND  --       4 Draws,       0 Flashes
D94:  0.0050 ROUND  --      20 Draws,       0 Flashes
D95:  0.0047 ROUND  --    2150 Draws,       0 Flashes
D96:  0.0059 ROUND  --       7 Draws,       0 Flashes
D97:  0.0280 ROUND  --       0 Draws,     302 Flashes
D98:  0.0280 ROUND  --       0 Draws,       4 Flashes
---------------------------------------------------------
 89 D-Codes      -----   29715 Draws,    3033 Flashes


No warnings or errors.
