Post Processor Report
OrCAD FILE: C:\CAINPCB\ECB_BF532\BF532_V2\ECB_532.MAX
Mon Apr 20 19:35:19 2009

*********************************************************

Output file: C:\CAINPCB\ECB_BF532\BF532_V2\ECB_532.TOP

Aperture totals for C:\CAINPCB\ECB_BF532\BF532_V2\ECB_532.TOP:
---------------------------------------------------------
D10:  0.0350 x 0.0300 RECTANGLE -----      74 Flashes
D11:  0.1000 x 0.0600 RECTANGLE -----       6 Flashes
D12:  0.0300 x 0.0350 RECTANGLE -----      14 Flashes
D13:  0.0600 x 0.1370 RECTANGLE -----       2 Flashes
D14:  0.0450 x 0.0350 RECTANGLE -----       2 Flashes
D15:  0.0320 x 0.0380 RECTANGLE -----       4 Flashes
D16:  0.0380 x 0.0320 RECTANGLE -----       4 Flashes
D17:  0.0930 ROUND  --       0 Draws,       4 Flashes
D18:  0.0775 ROUND  --       0 Draws,       2 Flashes
D19:  0.0669 ROUND  --       0 Draws,       2 Flashes
D20:  0.0550 ROUND  --       0 Draws,       9 Flashes
D21:  0.0550 SQUARE --       0 Draws,       2 Flashes
D22:  0.0433 ROUND  --       0 Draws,      96 Flashes
D23:  0.1340 ROUND  --       0 Draws,       3 Flashes
D24:  0.1600 x 0.0750 RECTANGLE -----       2 Flashes
D25:  0.0236 x 0.0590 RECTANGLE -----      12 Flashes
D26:  0.0700 x 0.0110 OBLONG    -----      80 Flashes
D27:  0.0700 x 0.0110 RECTANGLE -----       8 Flashes
D28:  0.0110 x 0.0700 OBLONG    -----      78 Flashes
D29:  0.0110 x 0.0700 RECTANGLE -----      10 Flashes
D30:  0.0500 x 0.0160 RECTANGLE -----       8 Flashes
D31:  0.0100 x 0.0600 RECTANGLE -----      48 Flashes
D32:  0.1500 x 0.0450 RECTANGLE -----       3 Flashes
D33:  0.0160 x 0.0700 RECTANGLE -----      20 Flashes
D34:  0.0866 x 0.0512 RECTANGLE -----       2 Flashes
D35:  0.0600 ROUND  --       0 Draws,       2 Flashes
D36:  0.0236 ROUND  --       0 Draws,     318 Flashes
D37:  0.0080 ROUND  --     806 Draws,       0 Flashes
D38:  0.0100 ROUND  --     198 Draws,       0 Flashes
D39:  0.0079 ROUND  --     866 Draws,       0 Flashes
D40:  0.0236 ROUND  --       0 Draws,       3 Flashes
D41:  0.0315 ROUND  --      22 Draws,       0 Flashes
D42:  0.0157 ROUND  --      41 Draws,       0 Flashes
D43:  0.0394 ROUND  --       7 Draws,       0 Flashes
---------------------------------------------------------
 34 D-Codes      -----    1940 Draws,     818 Flashes

*********************************************************

Output file: C:\CAINPCB\ECB_BF532\BF532_V2\ECB_532.BOT

Aperture totals for C:\CAINPCB\ECB_BF532\BF532_V2\ECB_532.BOT:
---------------------------------------------------------
D37:  0.0080 ROUND  --      63 Draws,       0 Flashes
D39:  0.0079 ROUND  --     458 Draws,       0 Flashes
D40:  0.0236 ROUND  --       0 Draws,       3 Flashes
D42:  0.0157 ROUND  --       1 Draws,       0 Flashes
D44:  0.0350 x 0.0300 RECTANGLE -----      50 Flashes
D45:  0.0300 x 0.0350 RECTANGLE -----      42 Flashes
D46:  0.1000 x 0.0600 RECTANGLE -----       4 Flashes
D47:  0.0930 ROUND  --       0 Draws,       4 Flashes
D48:  0.0775 ROUND  --       0 Draws,       2 Flashes
D49:  0.0669 ROUND  --       0 Draws,       2 Flashes
D50:  0.0550 ROUND  --       0 Draws,       9 Flashes
D51:  0.0550 SQUARE --       0 Draws,       2 Flashes
D52:  0.0433 ROUND  --       0 Draws,      96 Flashes
D53:  0.1340 ROUND  --       0 Draws,       3 Flashes
D54:  0.0197 x 0.0551 RECTANGLE -----      54 Flashes
D55:  0.0800 x 0.0250 RECTANGLE -----       8 Flashes
D56:  0.0600 ROUND  --       0 Draws,       2 Flashes
D57:  0.0236 ROUND  --       0 Draws,     318 Flashes
---------------------------------------------------------
 18 D-Codes      -----     522 Draws,     599 Flashes

*********************************************************

Output file: C:\CAINPCB\ECB_BF532\BF532_V2\ECB_532.GND

Aperture totals for C:\CAINPCB\ECB_BF532\BF532_V2\ECB_532.GND:
---------------------------------------------------------
D38:  0.0100 ROUND  --     514 Draws,       0 Flashes
D39:  0.0079 ROUND  --       7 Draws,       0 Flashes
D47:  0.0930 ROUND  --       0 Draws,       4 Flashes
D49:  0.0669 ROUND  --       0 Draws,       2 Flashes
D52:  0.0433 ROUND  --       0 Draws,      96 Flashes
D57:  0.0236 ROUND  --       0 Draws,     318 Flashes
D58:  0.0776 ROUND  --       0 Draws,       2 Flashes
D59:  0.0750 ROUND  --       0 Draws,       9 Flashes
D60:  0.0750 SQUARE --       0 Draws,       2 Flashes
D61:  0.1400 ROUND  --       0 Draws,       3 Flashes
D62:  0.0650 ROUND  --       0 Draws,       2 Flashes
D63:  0.0060 ROUND  --   11055 Draws,       0 Flashes
D64:  0.0236 ROUND  --       0 Draws,       2 Flashes
D65:  0.0236 ROUND  --       0 Draws,       1 Flashes
---------------------------------------------------------
 14 D-Codes      -----   11576 Draws,     441 Flashes

*********************************************************

Output file: C:\CAINPCB\ECB_BF532\BF532_V2\ECB_532.PWR

Aperture totals for C:\CAINPCB\ECB_BF532\BF532_V2\ECB_532.PWR:
---------------------------------------------------------
D38:  0.0100 ROUND  --    8412 Draws,       0 Flashes
D39:  0.0079 ROUND  --      10 Draws,       0 Flashes
D42:  0.0157 ROUND  --      60 Draws,       0 Flashes
D49:  0.0669 ROUND  --       0 Draws,       2 Flashes
D52:  0.0433 ROUND  --       0 Draws,      96 Flashes
D57:  0.0236 ROUND  --       0 Draws,     318 Flashes
D58:  0.0776 ROUND  --       0 Draws,       2 Flashes
D59:  0.0750 ROUND  --       0 Draws,       6 Flashes
D60:  0.0750 SQUARE --       0 Draws,       1 Flashes
D62:  0.0650 ROUND  --       0 Draws,       2 Flashes
D64:  0.0236 ROUND  --       0 Draws,       2 Flashes
D65:  0.0236 ROUND  --       0 Draws,       1 Flashes
D66:  0.0929 ROUND  --       0 Draws,       4 Flashes
D67:  0.1401 ROUND  --       0 Draws,       3 Flashes
D68:  0.0752 ROUND  --       0 Draws,       3 Flashes
D69:  0.0752 SQUARE --       0 Draws,       1 Flashes
---------------------------------------------------------
 16 D-Codes      -----    8482 Draws,     441 Flashes

*********************************************************

Output file: C:\CAINPCB\ECB_BF532\BF532_V2\ECB_532.SMT

Aperture totals for C:\CAINPCB\ECB_BF532\BF532_V2\ECB_532.SMT:
---------------------------------------------------------
D37:  0.0080 ROUND  --     154 Draws,       0 Flashes
D50:  0.0550 ROUND  --       0 Draws,       9 Flashes
D51:  0.0550 SQUARE --       0 Draws,       2 Flashes
D62:  0.0650 ROUND  --       0 Draws,       2 Flashes
D70:  0.0400 x 0.0350 RECTANGLE -----      74 Flashes
D71:  0.1050 x 0.0650 RECTANGLE -----       6 Flashes
D72:  0.0350 x 0.0400 RECTANGLE -----      14 Flashes
D73:  0.0650 x 0.1420 RECTANGLE -----       2 Flashes
D74:  0.0500 x 0.0400 RECTANGLE -----       2 Flashes
D75:  0.0320 x 0.0380 RECTANGLE -----       4 Flashes
D76:  0.0380 x 0.0320 RECTANGLE -----       4 Flashes
D77:  0.0980 ROUND  --       0 Draws,       4 Flashes
D78:  0.0827 ROUND  --       0 Draws,       2 Flashes
D79:  0.0768 ROUND  --       0 Draws,       2 Flashes
D80:  0.0492 ROUND  --       0 Draws,      96 Flashes
D81:  0.1390 ROUND  --       0 Draws,       3 Flashes
D82:  0.1650 x 0.0800 RECTANGLE -----       2 Flashes
D83:  0.0276 x 0.0630 RECTANGLE -----      12 Flashes
D84:  0.0700 x 0.0110 OBLONG    -----      80 Flashes
D85:  0.0700 x 0.0110 RECTANGLE -----       8 Flashes
D86:  0.0110 x 0.0700 OBLONG    -----      78 Flashes
D87:  0.0110 x 0.0700 RECTANGLE -----      10 Flashes
D88:  0.0550 x 0.0210 RECTANGLE -----       8 Flashes
D89:  0.0140 x 0.0650 RECTANGLE -----      48 Flashes
D90:  0.1550 x 0.0500 RECTANGLE -----       3 Flashes
D91:  0.0210 x 0.0750 RECTANGLE -----      20 Flashes
D92:  0.0905 x 0.0551 RECTANGLE -----       2 Flashes
---------------------------------------------------------
 27 D-Codes      -----     154 Draws,     497 Flashes

*********************************************************

Output file: C:\CAINPCB\ECB_BF532\BF532_V2\ECB_532.SMB

Aperture totals for C:\CAINPCB\ECB_BF532\BF532_V2\ECB_532.SMB:
---------------------------------------------------------
D50:  0.0550 ROUND  --       0 Draws,       9 Flashes
D51:  0.0550 SQUARE --       0 Draws,       2 Flashes
D62:  0.0650 ROUND  --       0 Draws,       2 Flashes
D70:  0.0400 x 0.0350 RECTANGLE -----      50 Flashes
D71:  0.1050 x 0.0650 RECTANGLE -----       4 Flashes
D72:  0.0350 x 0.0400 RECTANGLE -----      42 Flashes
D77:  0.0980 ROUND  --       0 Draws,       4 Flashes
D78:  0.0827 ROUND  --       0 Draws,       2 Flashes
D79:  0.0768 ROUND  --       0 Draws,       2 Flashes
D80:  0.0492 ROUND  --       0 Draws,      96 Flashes
D81:  0.1390 ROUND  --       0 Draws,       3 Flashes
D93:  0.0236 x 0.0590 RECTANGLE -----      54 Flashes
D94:  0.0850 x 0.0300 RECTANGLE -----       8 Flashes
---------------------------------------------------------
 13 D-Codes      -----       0 Draws,     278 Flashes

*********************************************************

Output file: C:\CAINPCB\ECB_BF532\BF532_V2\ECB_532.SST

Aperture totals for C:\CAINPCB\ECB_BF532\BF532_V2\ECB_532.SST:
---------------------------------------------------------
D37:  0.0080 ROUND  --      93 Draws,       0 Flashes
D38:  0.0100 ROUND  --      12 Draws,       0 Flashes
D39:  0.0079 ROUND  --       8 Draws,       0 Flashes
D63:  0.0060 ROUND  --     521 Draws,       0 Flashes
D95:  0.0030 ROUND  --     264 Draws,       0 Flashes
D96:  0.0010 ROUND  --       4 Draws,       0 Flashes
D97:  0.0050 ROUND  --      20 Draws,       0 Flashes
D98:  0.0047 ROUND  --    1280 Draws,       0 Flashes
D99:  0.0059 ROUND  --       7 Draws,       0 Flashes
---------------------------------------------------------
  9 D-Codes      -----    2209 Draws,       0 Flashes

*********************************************************

Output file: C:\CAINPCB\ECB_BF532\BF532_V2\ECB_532.SSB

Aperture totals for C:\CAINPCB\ECB_BF532\BF532_V2\ECB_532.SSB:
---------------------------------------------------------
D37:  0.0080 ROUND  --      10 Draws,       0 Flashes
D63:  0.0060 ROUND  --     323 Draws,       0 Flashes
D95:  0.0030 ROUND  --     108 Draws,       0 Flashes
D98:  0.0047 ROUND  --     919 Draws,       0 Flashes
---------------------------------------------------------
  4 D-Codes      -----    1360 Draws,       0 Flashes

*********************************************************

Output file: C:\CAINPCB\ECB_BF532\BF532_V2\ECB_532.DRD

Aperture totals for C:\CAINPCB\ECB_BF532\BF532_V2\ECB_532.DRD:
---------------------------------------------------------
D38:  0.0100 ROUND  --    7077 Draws,       0 Flashes
D39:  0.0079 ROUND  --       7 Draws,       0 Flashes
---------------------------------------------------------
  2 D-Codes      -----    7084 Draws,       0 Flashes

*********************************************************

Output file: C:\CAINPCB\ECB_BF532\BF532_V2\ECB_532.FAB

Aperture totals for C:\CAINPCB\ECB_BF532\BF532_V2\ECB_532.FAB:
---------------------------------------------------------
D39:  0.0079 ROUND  --       7 Draws,       0 Flashes
D100: 0.0280 ROUND  --       0 Draws,     318 Flashes
D101: 0.0280 ROUND  --       0 Draws,       2 Flashes
D102: 0.0280 ROUND  --       0 Draws,       1 Flashes
---------------------------------------------------------
  4 D-Codes      -----       7 Draws,     321 Flashes


*********************************************************

Aperture totals for entire project:
---------------------------------------------------------
D10:  0.0350 x 0.0300 RECTANGLE -----      74 Flashes
D11:  0.1000 x 0.0600 RECTANGLE -----       6 Flashes
D12:  0.0300 x 0.0350 RECTANGLE -----      14 Flashes
D13:  0.0600 x 0.1370 RECTANGLE -----       2 Flashes
D14:  0.0450 x 0.0350 RECTANGLE -----       2 Flashes
D15:  0.0320 x 0.0380 RECTANGLE -----       4 Flashes
D16:  0.0380 x 0.0320 RECTANGLE -----       4 Flashes
D17:  0.0930 ROUND  --       0 Draws,       4 Flashes
D18:  0.0775 ROUND  --       0 Draws,       2 Flashes
D19:  0.0669 ROUND  --       0 Draws,       2 Flashes
D20:  0.0550 ROUND  --       0 Draws,       9 Flashes
D21:  0.0550 SQUARE --       0 Draws,       2 Flashes
D22:  0.0433 ROUND  --       0 Draws,      96 Flashes
D23:  0.1340 ROUND  --       0 Draws,       3 Flashes
D24:  0.1600 x 0.0750 RECTANGLE -----       2 Flashes
D25:  0.0236 x 0.0590 RECTANGLE -----      12 Flashes
D26:  0.0700 x 0.0110 OBLONG    -----      80 Flashes
D27:  0.0700 x 0.0110 RECTANGLE -----       8 Flashes
D28:  0.0110 x 0.0700 OBLONG    -----      78 Flashes
D29:  0.0110 x 0.0700 RECTANGLE -----      10 Flashes
D30:  0.0500 x 0.0160 RECTANGLE -----       8 Flashes
D31:  0.0100 x 0.0600 RECTANGLE -----      48 Flashes
D32:  0.1500 x 0.0450 RECTANGLE -----       3 Flashes
D33:  0.0160 x 0.0700 RECTANGLE -----      20 Flashes
D34:  0.0866 x 0.0512 RECTANGLE -----       2 Flashes
D35:  0.0600 ROUND  --       0 Draws,       2 Flashes
D36:  0.0236 ROUND  --       0 Draws,     318 Flashes
D37:  0.0080 ROUND  --    1126 Draws,       0 Flashes
D38:  0.0100 ROUND  --   16213 Draws,       0 Flashes
D39:  0.0079 ROUND  --    1363 Draws,       0 Flashes
D40:  0.0236 ROUND  --       0 Draws,       6 Flashes
D41:  0.0315 ROUND  --      22 Draws,       0 Flashes
D42:  0.0157 ROUND  --     102 Draws,       0 Flashes
D43:  0.0394 ROUND  --       7 Draws,       0 Flashes
D44:  0.0350 x 0.0300 RECTANGLE -----      50 Flashes
D45:  0.0300 x 0.0350 RECTANGLE -----      42 Flashes
D46:  0.1000 x 0.0600 RECTANGLE -----       4 Flashes
D47:  0.0930 ROUND  --       0 Draws,       8 Flashes
D48:  0.0775 ROUND  --       0 Draws,       2 Flashes
D49:  0.0669 ROUND  --       0 Draws,       6 Flashes
D50:  0.0550 ROUND  --       0 Draws,      27 Flashes
D51:  0.0550 SQUARE --       0 Draws,       6 Flashes
D52:  0.0433 ROUND  --       0 Draws,     288 Flashes
D53:  0.1340 ROUND  --       0 Draws,       3 Flashes
D54:  0.0197 x 0.0551 RECTANGLE -----      54 Flashes
D55:  0.0800 x 0.0250 RECTANGLE -----       8 Flashes
D56:  0.0600 ROUND  --       0 Draws,       2 Flashes
D57:  0.0236 ROUND  --       0 Draws,     954 Flashes
D58:  0.0776 ROUND  --       0 Draws,       4 Flashes
D59:  0.0750 ROUND  --       0 Draws,      15 Flashes
D60:  0.0750 SQUARE --       0 Draws,       3 Flashes
D61:  0.1400 ROUND  --       0 Draws,       3 Flashes
D62:  0.0650 ROUND  --       0 Draws,       8 Flashes
D63:  0.0060 ROUND  --   11899 Draws,       0 Flashes
D64:  0.0236 ROUND  --       0 Draws,       4 Flashes
D65:  0.0236 ROUND  --       0 Draws,       2 Flashes
D66:  0.0929 ROUND  --       0 Draws,       4 Flashes
D67:  0.1401 ROUND  --       0 Draws,       3 Flashes
D68:  0.0752 ROUND  --       0 Draws,       3 Flashes
D69:  0.0752 SQUARE --       0 Draws,       1 Flashes
D70:  0.0400 x 0.0350 RECTANGLE -----     124 Flashes
D71:  0.1050 x 0.0650 RECTANGLE -----      10 Flashes
D72:  0.0350 x 0.0400 RECTANGLE -----      56 Flashes
D73:  0.0650 x 0.1420 RECTANGLE -----       2 Flashes
D74:  0.0500 x 0.0400 RECTANGLE -----       2 Flashes
D75:  0.0320 x 0.0380 RECTANGLE -----       4 Flashes
D76:  0.0380 x 0.0320 RECTANGLE -----       4 Flashes
D77:  0.0980 ROUND  --       0 Draws,       8 Flashes
D78:  0.0827 ROUND  --       0 Draws,       4 Flashes
D79:  0.0768 ROUND  --       0 Draws,       4 Flashes
D80:  0.0492 ROUND  --       0 Draws,     192 Flashes
D81:  0.1390 ROUND  --       0 Draws,       6 Flashes
D82:  0.1650 x 0.0800 RECTANGLE -----       2 Flashes
D83:  0.0276 x 0.0630 RECTANGLE -----      12 Flashes
D84:  0.0700 x 0.0110 OBLONG    -----      80 Flashes
D85:  0.0700 x 0.0110 RECTANGLE -----       8 Flashes
D86:  0.0110 x 0.0700 OBLONG    -----      78 Flashes
D87:  0.0110 x 0.0700 RECTANGLE -----      10 Flashes
D88:  0.0550 x 0.0210 RECTANGLE -----       8 Flashes
D89:  0.0140 x 0.0650 RECTANGLE -----      48 Flashes
D90:  0.1550 x 0.0500 RECTANGLE -----       3 Flashes
D91:  0.0210 x 0.0750 RECTANGLE -----      20 Flashes
D92:  0.0905 x 0.0551 RECTANGLE -----       2 Flashes
D93:  0.0236 x 0.0590 RECTANGLE -----      54 Flashes
D94:  0.0850 x 0.0300 RECTANGLE -----       8 Flashes
D95:  0.0030 ROUND  --     372 Draws,       0 Flashes
D96:  0.0010 ROUND  --       4 Draws,       0 Flashes
D97:  0.0050 ROUND  --      20 Draws,       0 Flashes
D98:  0.0047 ROUND  --    2199 Draws,       0 Flashes
D99:  0.0059 ROUND  --       7 Draws,       0 Flashes
D100: 0.0280 ROUND  --       0 Draws,     318 Flashes
D101: 0.0280 ROUND  --       0 Draws,       2 Flashes
D102: 0.0280 ROUND  --       0 Draws,       1 Flashes
---------------------------------------------------------
 93 D-Codes      -----   33334 Draws,    3395 Flashes


No warnings or errors.
